<?xml version="1.0" encoding="UTF-8"?>
<!-- Generated by org.testng.reporters.JUnitReportReporter -->
<testsuite hostname="ADMINRG-NPR8BFF" failures="0" tests="1" name="com.htmlProject.testclass.TC_01_LoginTest" time="20.068" errors="0" timestamp="2023-02-21T16:23:31 IST" skipped="0">
  <testcase classname="com.htmlProject.testclass.TC_01_LoginTest" name="loginverify" time="20.068"/>
  <system-out/>
</testsuite> <!-- com.htmlProject.testclass.TC_01_LoginTest -->
